TN:
SF:app.js
FN:22,start
FN:28,mainMenu
FN:36,readingListView
FN:44,newBookSearch
FN:51,bookSearchResults
FN:59,(anonymous_5)
FN:81,directory
FN:91,displayBookList
FN:100,googleBookSearch
FN:106,(anonymous_9)
FN:129,addBook
FN:136,listenForUserInput
FN:137,(anonymous_12)
FN:158,listenForUserBookSearch
FN:159,(anonymous_14)
FN:165,listenForReadingListAddition
FN:166,(anonymous_16)
FN:210,(anonymous_17)
FN:215,(anonymous_18)
FNF:19
FNH:2
FNDA:0,start
FNDA:0,mainMenu
FNDA:0,readingListView
FNDA:0,newBookSearch
FNDA:0,bookSearchResults
FNDA:0,(anonymous_5)
FNDA:0,directory
FNDA:0,displayBookList
FNDA:0,googleBookSearch
FNDA:0,(anonymous_9)
FNDA:0,addBook
FNDA:0,listenForUserInput
FNDA:0,(anonymous_12)
FNDA:0,listenForUserBookSearch
FNDA:0,(anonymous_14)
FNDA:0,listenForReadingListAddition
FNDA:0,(anonymous_16)
FNDA:3,(anonymous_17)
FNDA:11,(anonymous_18)
DA:3,1
DA:6,1
DA:7,1
DA:13,1
DA:14,1
DA:15,1
DA:16,1
DA:19,1
DA:20,1
DA:23,0
DA:24,0
DA:29,0
DA:30,0
DA:31,0
DA:32,0
DA:33,0
DA:37,0
DA:38,0
DA:39,0
DA:40,0
DA:41,0
DA:45,0
DA:46,0
DA:47,0
DA:48,0
DA:52,0
DA:53,0
DA:54,0
DA:56,0
DA:59,0
DA:62,0
DA:63,0
DA:64,0
DA:65,0
DA:70,0
DA:71,0
DA:72,0
DA:73,0
DA:74,0
DA:75,0
DA:82,0
DA:83,0
DA:84,0
DA:85,0
DA:86,0
DA:87,0
DA:92,0
DA:93,0
DA:94,0
DA:95,0
DA:101,0
DA:102,0
DA:107,0
DA:108,0
DA:110,0
DA:111,0
DA:114,0
DA:115,0
DA:116,0
DA:120,0
DA:121,0
DA:122,0
DA:130,0
DA:131,0
DA:137,0
DA:138,0
DA:140,0
DA:141,0
DA:142,0
DA:143,0
DA:144,0
DA:145,0
DA:148,0
DA:149,0
DA:150,0
DA:151,0
DA:159,0
DA:160,0
DA:166,0
DA:167,0
DA:169,0
DA:170,0
DA:171,0
DA:172,0
DA:173,0
DA:174,0
DA:177,0
DA:178,0
DA:179,0
DA:181,0
DA:182,0
DA:183,0
DA:185,0
DA:186,0
DA:187,0
DA:189,0
DA:190,0
DA:191,0
DA:193,0
DA:194,0
DA:195,0
DA:198,0
DA:199,0
DA:200,0
DA:201,0
DA:210,1
DA:211,3
DA:212,3
DA:215,1
DA:216,11
DA:217,11
DA:219,11
DA:220,10
DA:221,9
DA:222,8
DA:224,7
LF:116
LH:20
BRDA:30,0,0,0
BRDA:30,0,1,0
BRDA:38,1,0,0
BRDA:38,1,1,0
BRDA:62,2,0,0
BRDA:62,2,1,0
BRDA:110,3,0,0
BRDA:110,3,1,0
BRDA:114,4,0,0
BRDA:114,4,1,0
BRDA:114,5,0,0
BRDA:114,5,1,0
BRDA:120,6,0,0
BRDA:120,6,1,0
BRDA:138,7,0,0
BRDA:138,7,1,0
BRDA:140,8,0,0
BRDA:140,8,1,0
BRDA:141,9,0,0
BRDA:141,9,1,0
BRDA:142,10,0,0
BRDA:142,10,1,0
BRDA:143,11,0,0
BRDA:143,11,1,0
BRDA:149,12,0,0
BRDA:149,12,1,0
BRDA:167,13,0,0
BRDA:167,13,1,0
BRDA:169,14,0,0
BRDA:169,14,1,0
BRDA:170,15,0,0
BRDA:170,15,1,0
BRDA:171,16,0,0
BRDA:171,16,1,0
BRDA:172,17,0,0
BRDA:172,17,1,0
BRDA:177,18,0,0
BRDA:177,18,1,0
BRDA:181,19,0,0
BRDA:181,19,1,0
BRDA:185,20,0,0
BRDA:185,20,1,0
BRDA:189,21,0,0
BRDA:189,21,1,0
BRDA:193,22,0,0
BRDA:193,22,1,0
BRDA:199,23,0,0
BRDA:199,23,1,0
BRDA:217,24,0,11
BRDA:217,24,1,0
BRDA:219,25,0,1
BRDA:219,25,1,10
BRDA:220,26,0,1
BRDA:220,26,1,9
BRDA:221,27,0,1
BRDA:221,27,1,8
BRDA:222,28,0,1
BRDA:222,28,1,7
BRDA:224,29,0,7
BRDA:224,29,1,0
BRF:60
BRH:10
end_of_record
